# JRE version: OpenJDK Runtime Environment (8.0_152-b01) (build 1.8.0_152-release-915-b01)
# Java VM: OpenJDK 64-Bit Server VM (25.152-b01 mixed mode bsd-amd64 compressed oops)
Heap:
 PSYoungGen      total 23552K, used 9798K [0x00000007a0000000, 0x00000007a2180000, 0x00000007c0000000)
  eden space 22016K, 44% used [0x00000007a0000000,0x00000007a0991830,0x00000007a1580000)
  from space 1536K, 0% used [0x00000007a1580000,0x00000007a1580000,0x00000007a1700000)
  to   space 6144K, 0% used [0x00000007a1b80000,0x00000007a1b80000,0x00000007a2180000)
 ParOldGen       total 67072K, used 31960K [0x0000000760000000, 0x0000000764180000, 0x00000007a0000000)
  object space 67072K, 47% used [0x0000000760000000,0x0000000761f36360,0x0000000764180000)
 Metaspace       used 57810K, capacity 59728K, committed 59992K, reserved 1101824K
  class space    used 7768K, capacity 8222K, committed 8320K, reserved 1048576K
GC Heap History (10 events):
Event: 109.132 GC heap before
{Heap before GC invocations=64 (full 2):
 PSYoungGen      total 28160K, used 27183K [0x00000007a0000000, 0x00000007a2080000, 0x00000007c0000000)
  eden space 24064K, 100% used [0x00000007a0000000,0x00000007a1780000,0x00000007a1780000)
  from space 4096K, 76% used [0x00000007a1800000,0x00000007a1b0bca0,0x00000007a1c00000)
  to   space 4608K, 0% used [0x00000007a1c00000,0x00000007a1c00000,0x00000007a2080000)
 ParOldGen       total 50176K, used 28669K [0x0000000760000000, 0x0000000763100000, 0x00000007a0000000)
  object space 50176K, 57% used [0x0000000760000000,0x0000000761bff688,0x0000000763100000)
 Metaspace       used 54587K, capacity 56348K, committed 56664K, reserved 1097728K
  class space    used 7322K, capacity 7747K, committed 7808K, reserved 1048576K
Event: 109.137 GC heap after
Heap after GC invocations=64 (full 2):
 PSYoungGen      total 27648K, used 2450K [0x00000007a0000000, 0x00000007a2000000, 0x00000007c0000000)
  eden space 23552K, 0% used [0x00000007a0000000,0x00000007a0000000,0x00000007a1700000)
  from space 4096K, 59% used [0x00000007a1c00000,0x00000007a1e64b68,0x00000007a2000000)
  to   space 4608K, 0% used [0x00000007a1700000,0x00000007a1700000,0x00000007a1b80000)
 ParOldGen       total 50176K, used 30468K [0x0000000760000000, 0x0000000763100000, 0x00000007a0000000)
  object space 50176K, 60% used [0x0000000760000000,0x0000000761dc13b8,0x0000000763100000)
 Metaspace       used 54587K, capacity 56348K, committed 56664K, reserved 1097728K
  class space    used 7322K, capacity 7747K, committed 7808K, reserved 1048576K
}
Event: 114.157 GC heap before
{Heap before GC invocations=65 (full 2):
 PSYoungGen      total 27648K, used 26002K [0x00000007a0000000, 0x00000007a2000000, 0x00000007c0000000)
  eden space 23552K, 100% used [0x00000007a0000000,0x00000007a1700000,0x00000007a1700000)
  from space 4096K, 59% used [0x00000007a1c00000,0x00000007a1e64b68,0x00000007a2000000)
  to   space 4608K, 0% used [0x00000007a1700000,0x00000007a1700000,0x00000007a1b80000)
 ParOldGen       total 50176K, used 30468K [0x0000000760000000, 0x0000000763100000, 0x00000007a0000000)
  object space 50176K, 60% used [0x0000000760000000,0x0000000761dc13b8,0x0000000763100000)
 Metaspace       used 55220K, capacity 57068K, committed 57304K, reserved 1099776K
  class space    used 7403K, capacity 7829K, committed 7936K, reserved 1048576K
Event: 114.161 GC heap after
Heap after GC invocations=65 (full 2):
 PSYoungGen      total 28160K, used 3790K [0x00000007a0000000, 0x00000007a2100000, 0x00000007c0000000)
  eden space 23552K, 0% used [0x00000007a0000000,0x00000007a0000000,0x00000007a1700000)
  from space 4608K, 82% used [0x00000007a1700000,0x00000007a1ab3b10,0x00000007a1b80000)
  to   space 5120K, 0% used [0x00000007a1c00000,0x00000007a1c00000,0x00000007a2100000)
 ParOldGen       total 50176K, used 30476K [0x0000000760000000, 0x0000000763100000, 0x00000007a0000000)
  object space 50176K, 60% used [0x0000000760000000,0x0000000761dc33b8,0x0000000763100000)
 Metaspace       used 55220K, capacity 57068K, committed 57304K, reserved 1099776K
  class space    used 7403K, capacity 7829K, committed 7936K, reserved 1048576K
}
Event: 237.384 GC heap before
{Heap before GC invocations=66 (full 2):
 PSYoungGen      total 28160K, used 27342K [0x00000007a0000000, 0x00000007a2100000, 0x00000007c0000000)
  eden space 23552K, 100% used [0x00000007a0000000,0x00000007a1700000,0x00000007a1700000)
  from space 4608K, 82% used [0x00000007a1700000,0x00000007a1ab3b10,0x00000007a1b80000)
  to   space 5120K, 0% used [0x00000007a1c00000,0x00000007a1c00000,0x00000007a2100000)
 ParOldGen       total 50176K, used 30476K [0x0000000760000000, 0x0000000763100000, 0x00000007a0000000)
  object space 50176K, 60% used [0x0000000760000000,0x0000000761dc33b8,0x0000000763100000)
 Metaspace       used 56474K, capacity 58534K, committed 58840K, reserved 1099776K
  class space    used 7580K, capacity 8068K, committed 8192K, reserved 1048576K
Event: 237.390 GC heap after
Heap after GC invocations=66 (full 2):
 PSYoungGen      total 27136K, used 5104K [0x00000007a0000000, 0x00000007a2400000, 0x00000007c0000000)
  eden space 22016K, 0% used [0x00000007a0000000,0x00000007a0000000,0x00000007a1580000)
  from space 5120K, 99% used [0x00000007a1c00000,0x00000007a20fc050,0x00000007a2100000)
  to   space 6656K, 0% used [0x00000007a1580000,0x00000007a1580000,0x00000007a1c00000)
 ParOldGen       total 50176K, used 31842K [0x0000000760000000, 0x0000000763100000, 0x00000007a0000000)
  object space 50176K, 63% used [0x0000000760000000,0x0000000761f18a70,0x0000000763100000)
 Metaspace       used 56474K, capacity 58534K, committed 58840K, reserved 1099776K
  class space    used 7580K, capacity 8068K, committed 8192K, reserved 1048576K
}
Event: 239.132 GC heap before
{Heap before GC invocations=67 (full 2):
 PSYoungGen      total 27136K, used 16256K [0x00000007a0000000, 0x00000007a2400000, 0x00000007c0000000)
  eden space 22016K, 50% used [0x00000007a0000000,0x00000007a0ae40f0,0x00000007a1580000)
  from space 5120K, 99% used [0x00000007a1c00000,0x00000007a20fc050,0x00000007a2100000)
  to   space 6656K, 0% used [0x00000007a1580000,0x00000007a1580000,0x00000007a1c00000)
 ParOldGen       total 50176K, used 31842K [0x0000000760000000, 0x0000000763100000, 0x00000007a0000000)
  object space 50176K, 63% used [0x0000000760000000,0x0000000761f18a70,0x0000000763100000)
 Metaspace       used 56899K, capacity 58902K, committed 59028K, reserved 1099776K
  class space    used 7627K, capacity 8104K, committed 8192K, reserved 1048576K
Event: 239.136 GC heap after
Heap after GC invocations=67 (full 2):
 PSYoungGen      total 23552K, used 1376K [0x00000007a0000000, 0x00000007a2180000, 0x00000007c0000000)
  eden space 22016K, 0% used [0x00000007a0000000,0x00000007a0000000,0x00000007a1580000)
  from space 1536K, 89% used [0x00000007a1580000,0x00000007a16d83b8,0x00000007a1700000)
  to   space 6144K, 0% used [0x00000007a1b80000,0x00000007a1b80000,0x00000007a2180000)
 ParOldGen       total 50176K, used 34602K [0x0000000760000000, 0x0000000763100000, 0x00000007a0000000)
  object space 50176K, 68% used [0x0000000760000000,0x00000007621cabb0,0x0000000763100000)
 Metaspace       used 56899K, capacity 58902K, committed 59028K, reserved 1099776K
  class space    used 7627K, capacity 8104K, committed 8192K, reserved 1048576K
}
Event: 239.136 GC heap before
{Heap before GC invocations=68 (full 3):
 PSYoungGen      total 23552K, used 1376K [0x00000007a0000000, 0x00000007a2180000, 0x00000007c0000000)
  eden space 22016K, 0% used [0x00000007a0000000,0x00000007a0000000,0x00000007a1580000)
  from space 1536K, 89% used [0x00000007a1580000,0x00000007a16d83b8,0x00000007a1700000)
  to   space 6144K, 0% used [0x00000007a1b80000,0x00000007a1b80000,0x00000007a2180000)
 ParOldGen       total 50176K, used 34602K [0x0000000760000000, 0x0000000763100000, 0x00000007a0000000)
  object space 50176K, 68% used [0x0000000760000000,0x00000007621cabb0,0x0000000763100000)
 Metaspace       used 56899K, capacity 58902K, committed 59028K, reserved 1099776K
  class space    used 7627K, capacity 8104K, committed 8192K, reserved 1048576K
Event: 239.495 GC heap after
Heap after GC invocations=68 (full 3):
 PSYoungGen      total 23552K, used 0K [0x00000007a0000000, 0x00000007a2180000, 0x00000007c0000000)
  eden space 22016K, 0% used [0x00000007a0000000,0x00000007a0000000,0x00000007a1580000)
  from space 1536K, 0% used [0x00000007a1580000,0x00000007a1580000,0x00000007a1700000)
  to   space 6144K, 0% used [0x00000007a1b80000,0x00000007a1b80000,0x00000007a2180000)
 ParOldGen       total 67072K, used 31960K [0x0000000760000000, 0x0000000764180000, 0x00000007a0000000)
  object space 67072K, 47% used [0x0000000760000000,0x0000000761f36360,0x0000000764180000)
 Metaspace       used 56875K, capacity 58818K, committed 59028K, reserved 1099776K
  class space    used 7620K, capacity 8090K, committed 8192K, reserved 1048576K
}

